9	136250000	136840000
10	132280000	132630000
13	59140000	60120000
11	2040000	2570000
11	64190000	64640000
22	45950000	46170000
8	43570000	43770000
14	104660000	104900000
16	88420000	88580000
3	52310000	52510000
6	33350000	34090000
2	176080000	176130000
3	52760000	52860000
5	156410000	156490000
20	62760000	63540000
1	3480000	3790000
1	2310000	2560000
5	1080000	1550000
9	93150000	93370000
4	86390000	86830000
2	16140000	16150000
22	37360000	37520000
1	110000000	110140000
3	50360000	50520000
21	45640000	46230000
16	57150000	57790000
2	11710000	11720000
11	1540000	1570000
2	219510000	219650000
12	132330000	132470000
13	60430000	60660000
8	140960000	141420000
20	31230000	31260000
16	66610000	67020000
1	237320000	237900000
22	19500000	20170000
4	146690000	147140000
9	133380000	133690000
9	130330000	130720000
1	87200000	87210000
2	57740000	58000000
2	210510000	210650000
4	83570000	83940000
13	23050000	23340000
15	40230000	40380000
4	177140000	178040000
13	112900000	113670000
12	52540000	53180000
17	28430000	28530000
6	30850000	30960000
2	32850000	32900000
7	114390000	114700000
17	17000000	17040000
1	31340000	31820000
4	90060000	90200000
19	44970000	45070000
2	220610000	220910000
6	43520000	44450000
19	7780000	7990000
5	152370000	152560000
9	14210000	14240000
16	85570000	85780000
11	61390000	62090000
19	6200000	6410000
4	3470000	3510000
6	114090000	114180000
11	820000	960000
12	41500000	41570000
11	3000000	3230000
10	103230000	103740000
8	142470000	143470000
16	80260000	80530000
5	83170000	83730000
18	42190000	42210000
12	98690000	99100000
5	101190000	101370000
17	4510000	4550000
15	78080000	78500000
12	82860000	83110000
4	112540000	113450000
20	64080000	64200000
1	210060000	210270000
6	90920000	91050000
17	80880000	81340000
11	9770000	10170000
2	232400000	233040000
13	108610000	108850000
22	43120000	43340000
8	143880000	144360000
11	57270000	57510000
9	129260000	129590000
8	69700000	69780000
3	50150000	50220000
9	136070000	136200000
22	30470000	30650000
11	96560000	96590000
16	85880000	86070000
1	156820000	156920000
1	10630000	10720000
11	102120000	102160000
1	211490000	211650000
12	53930000	54010000
2	26710000	27660000
10	131870000	131900000
1	207980000	208030000
2	46960000	47030000
6	16770000	16820000
3	16520000	16570000
17	74520000	74940000
5	52350000	52480000
16	2160000	2220000
13	38330000	39000000
3	100760000	100860000
13	84220000	84390000
17	75460000	75640000
4	102000000	102180000
12	23160000	23300000
21	28390000	28620000
4	47010000	47290000
15	55370000	55600000
13	93550000	94250000
17	81410000	81550000
14	41760000	41950000
9	19730000	19810000
2	238330000	238510000
6	111490000	111530000
2	227560000	227990000
2	18850000	18990000
19	47970000	48180000
12	37970000	38030000
9	126590000	126710000
9	137170000	137340000
3	179910000	180310000
1	228020000	228080000
1	24050000	24380000
11	75300000	75650000
5	31300000	31410000
12	57140000	57300000
2	239400000	240000000
8	21930000	22280000
9	137020000	137110000
6	83970000	84170000
7	141600000	141720000
14	39860000	39880000
10	18540000	18650000
2	213360000	213400000
5	10890000	11620000
16	4130000	4410000
3	142310000	142430000
22	37810000	37930000
5	150000000	150540000
5	59720000	59830000
18	35120000	35570000
2	127090000	127240000
4	118000000	118380000
18	79560000	79970000
3	131570000	131830000
1	43130000	43240000
4	127700000	127850000
18	36750000	36780000
19	5010000	5070000
4	114560000	114720000
2	204340000	204880000
7	74020000	74060000
22	29420000	29870000
1	240110000	240150000
20	62150000	62650000
1	204140000	204160000
3	124450000	124590000
7	44080000	44290000
3	128060000	128680000
22	44400000	45230000
8	18870000	18970000
5	149290000	149340000
5	129600000	129850000
1	11420000	11860000
16	2700000	2840000
1	19790000	19980000
14	66320000	66580000
20	32740000	33140000
10	34310000	34820000
1	41320000	41680000
1	159930000	160260000
6	41160000	41900000
16	67610000	67950000
4	141900000	141940000
7	115150000	116140000
2	191890000	192060000
7	1430000	1690000
9	34490000	34530000
22	49990000	50060000
8	96360000	96520000
11	73320000	73500000
10	16520000	16580000
12	63880000	64120000
6	43030000	43480000
22	22980000	23130000
5	171100000	171510000
1	16980000	17290000
1	182640000	182760000
6	100370000	100450000
2	48660000	48680000
14	20980000	21160000
7	129470000	129480000
11	4760000	4800000
4	13090000	13120000
1	78740000	78840000
12	31370000	31520000
6	10610000	11010000
15	47790000	48710000
2	72170000	72610000
12	124330000	124470000
12	19800000	20570000
16	84910000	85340000
17	43370000	43780000
17	31510000	31550000
1	14990000	15830000
16	27440000	27540000
14	33870000	34090000
3	51950000	52150000
18	24200000	24560000
20	37280000	37380000
2	181790000	181800000
6	126180000	126310000
14	80520000	80650000
2	28440000	28730000
1	210490000	210890000
3	159750000	160080000
19	41580000	41710000
4	80770000	80950000
13	100970000	101110000
8	126900000	127040000
6	89000000	89030000
9	131740000	132650000
15	35400000	35910000
3	59100000	59220000
16	67340000	67520000
18	3730000	4000000
11	19750000	20230000
16	81490000	81780000
17	40350000	40360000
5	33580000	33830000
1	203570000	203620000
7	360000	710000
17	69500000	69590000
4	40530000	40700000
2	117960000	118010000
2	206540000	206590000
19	54020000	54360000
3	150070000	150140000
11	104360000	104520000
15	65030000	65150000
3	149530000	149670000
17	48620000	48820000
16	1910000	2070000
12	54130000	54270000
8	11660000	11750000
5	158110000	158180000
1	15980000	16040000
4	20410000	20440000
16	10490000	10500000
5	38460000	38810000
7	151040000	151240000
6	151070000	151180000
4	183910000	184040000
2	70880000	70990000
5	167590000	167890000
21	30380000	31150000
2	155710000	155850000
9	124310000	124390000
10	14700000	14950000
11	39280000	39390000
1	53070000	53290000
19	29340000	29970000
19	1700000	1930000
21	39060000	39970000
17	77480000	77570000
4	770000	980000
15	41980000	42040000
7	117750000	117780000
9	122220000	122400000
2	96070000	96120000
6	146150000	146190000
6	32040000	32330000
10	5480000	5660000
11	119270000	119460000
15	75670000	75740000
19	12960000	13090000
1	205660000	205730000
7	144440000	144720000
20	57550000	57810000
9	72890000	73020000
8	91290000	91470000
4	2120000	2450000
1	40750000	40930000
12	49830000	50070000
5	59400000	59490000
6	19870000	20230000
11	72080000	72760000
1	161070000	161090000
4	11550000	11650000
17	44070000	44150000
14	103520000	103570000
12	22500000	22520000
21	41680000	42520000
3	102130000	102910000
1	58000000	58040000
5	128240000	128250000
1	202040000	202340000
20	4920000	4950000
22	26370000	26630000
7	149590000	149640000
16	1420000	1500000
1	156130000	156140000
2	85330000	85450000
18	31520000	31560000
2	209470000	209980000
10	24410000	24520000
12	40870000	41010000
15	101300000	101640000
17	60780000	60880000
19	2750000	2820000
16	89050000	89250000
5	210000	230000
2	221010000	221020000
1	56520000	56660000
5	93620000	93650000
12	37740000	37880000
17	76880000	77030000
20	51830000	52000000
22	36510000	37350000
5	42400000	42630000
12	79580000	79810000
2	91470000	91480000
5	96370000	96430000
17	40690000	40890000
15	31110000	31320000
20	49840000	50330000
14	67470000	67580000
1	50990000	51040000
10	31000000	31060000
5	139840000	139900000
11	63760000	64170000
2	161510000	161830000
12	116560000	116800000
2	238230000	238310000
13	78690000	78920000
1	203830000	203890000
8	19340000	19390000
17	7780000	7820000
8	102420000	102520000
1	25710000	26100000
11	31840000	32360000
5	179900000	179920000
13	45780000	45800000
7	114270000	114330000
7	1940000	2090000
7	21800000	21820000
15	40830000	41080000
18	21280000	21450000
14	105390000	105520000
12	113040000	113590000
2	198370000	198560000
2	205210000	205450000
12	43910000	44360000
12	128080000	128090000
7	99850000	99980000
12	6240000	6320000
2	96480000	96520000
2	237450000	237500000
18	64210000	64230000
20	35850000	36460000
18	36520000	36730000
16	24790000	24810000
17	14810000	15040000
7	105410000	105420000
5	50850000	50900000
9	123830000	123840000
12	51730000	52520000
1	78210000	78380000
16	2920000	2990000
8	85990000	86010000
6	41900000	41940000
19	35780000	36020000
14	105130000	105220000
14	65830000	65850000
12	131610000	131630000
15	84860000	84980000
19	36210000	36260000
6	126990000	127020000
6	17830000	17990000
16	57840000	58050000
1	78850000	78950000
4	151280000	151320000
15	77360000	77680000
3	190260000	190920000
2	44570000	44630000
11	105530000	105590000
1	168080000	168170000
17	79560000	79640000
12	132730000	132740000
20	710000	1140000
6	166470000	166700000
4	72290000	72430000
16	56280000	56390000
1	240590000	240690000
14	22830000	22860000
4	149890000	150270000
10	100980000	101250000
4	165530000	165740000
3	42050000	42070000
10	91950000	92000000
5	65290000	65370000
11	59590000	59640000
12	122960000	123050000
2	177980000	178000000
5	53200000	53210000
4	100430000	100940000
3	97530000	97740000
1	233830000	233910000
6	84390000	84430000
6	33010000	33190000
14	66730000	67080000
17	78460000	78520000
5	88670000	88700000
18	51450000	51550000
2	153500000	153580000
13	43210000	43710000
3	193060000	193080000
10	33450000	33510000
18	11710000	11860000
10	42400000	42430000
20	34420000	34440000
18	69300000	69570000
2	173810000	173910000
4	90670000	90690000
4	176080000	176690000
8	109140000	109280000
5	37530000	37650000
17	78810000	79440000
3	131960000	132030000
1	17300000	17320000
1	194740000	195090000
8	22530000	23120000
17	80420000	80450000
14	20700000	20710000
12	46010000	46050000
4	95040000	95130000
9	27280000	27320000
20	35520000	35590000
2	240590000	240660000
2	85240000	85270000
18	63430000	63460000
9	69320000	69340000
3	186840000	186850000
16	56460000	56590000
8	63340000	63420000
1	169050000	169060000
11	65580000	66080000
18	32520000	32820000
11	31180000	31270000
2	151100000	151180000
22	23470000	23580000
4	1740000	1780000
21	43740000	43760000
1	213220000	213430000
9	15720000	15790000
11	68650000	69220000
1	226760000	226780000
4	67450000	67510000
15	34650000	34700000
14	103080000	103150000
17	26790000	26830000
1	51180000	51210000
13	31770000	31860000
15	70050000	70070000
11	106910000	107380000
1	162070000	162240000
22	20220000	20310000
1	155080000	155120000
4	94850000	94920000
4	168050000	168190000
3	143540000	143550000
7	74440000	74570000
6	46820000	46830000
6	97390000	97650000
4	148790000	149080000
16	88750000	88940000
13	101510000	102290000
5	103200000	103690000
3	148750000	148910000
2	227050000	227070000
19	35130000	35140000
20	52690000	52980000
16	930000	1220000
16	17430000	17450000
6	56810000	56910000
21	17720000	17770000
3	87890000	87920000
8	118620000	118630000
3	14660000	14720000
11	27110000	27190000
3	151350000	151700000
7	45120000	45140000
17	17450000	18100000
1	166430000	166680000
4	6540000	6640000
9	130900000	131260000
2	230970000	231120000
9	104150000	104410000
7	100630000	100730000
22	50120000	50260000
11	86860000	86960000
12	131890000	131940000
4	108870000	109050000
11	62920000	63070000
17	1520000	1590000
2	194450000	194500000
3	94120000	94240000
7	112530000	112620000
22	46530000	46660000
18	25790000	25860000
8	129160000	129300000
3	98050000	98330000
1	35570000	35630000
10	26310000	26430000
15	68150000	68170000
19	15970000	16070000
14	33330000	33550000
1	9290000	9430000
5	130260000	130510000
10	123080000	123200000
6	154990000	155150000
17	16120000	16190000
3	25800000	26190000
5	153510000	153590000
12	65320000	65340000
6	70220000	70230000
13	39210000	39570000
9	116630000	116910000
2	31090000	31460000
15	43290000	43470000
7	55370000	55430000
8	133180000	133210000
1	175660000	175730000
17	50190000	50260000
2	187020000	187070000
12	49650000	49660000
17	50500000	50670000
2	58970000	59070000
12	9930000	10060000
3	68510000	68520000
4	163660000	164020000
14	53330000	53390000
4	183150000	183210000
14	36550000	36580000
3	58020000	58470000
19	13540000	13760000
16	56620000	56870000
1	97400000	97650000
14	105530000	105590000
3	126040000	126150000
19	36740000	36840000
3	189410000	189970000
1	27090000	27130000
15	64010000	64080000
21	42900000	42910000
3	62230000	62500000
5	147020000	147130000
1	204550000	205130000
9	1670000	1720000
6	12620000	12660000
20	19760000	19780000
17	65060000	65070000
7	17450000	17720000
3	7710000	7780000
12	122850000	122870000
14	102480000	102530000
2	126640000	126650000
19	16390000	16950000
4	186300000	186400000
9	83630000	83660000
20	33240000	33500000
7	120670000	120850000
17	56620000	56910000
5	90280000	90370000
22	41110000	41170000
7	114040000	114220000
19	18650000	18680000
7	132760000	132960000
19	10840000	10960000
22	44090000	44220000
20	38230000	38570000
11	128160000	128290000
1	236820000	236890000
4	36480000	36600000
3	172840000	172920000
4	141980000	142030000
5	10190000	10430000
15	72130000	72350000
14	100620000	100810000
15	70530000	70660000
1	97020000	97180000
19	19140000	19160000
22	38830000	38960000
20	58320000	58400000
12	110950000	110980000
7	49950000	49970000
16	31330000	31380000
8	144480000	144540000
6	2460000	2470000
18	54760000	55030000
9	129610000	129780000
8	19920000	20100000
12	29110000	29130000
2	137860000	138160000
14	54140000	54190000
11	69680000	69740000
2	131130000	131150000
20	59380000	59410000
2	60000	130000
1	178370000	178490000
2	200580000	200850000
19	27270000	27320000
3	48410000	48440000
14	96080000	96930000
22	20760000	21090000
3	44900000	45060000
7	25840000	25860000
6	118250000	118270000
8	130400000	130430000
5	53850000	54120000
8	43790000	43920000
5	133590000	133670000
3	13430000	13660000
14	32490000	32690000
1	220500000	220540000
6	46690000	46730000
3	25470000	25610000
8	48970000	49080000
1	53440000	53570000
1	183080000	183230000
1	206850000	206870000
1	200970000	201000000
4	106000000	106110000
12	21910000	21940000
3	157760000	157870000
2	189300000	189400000
11	16850000	17580000
10	70620000	70650000
15	71240000	71630000
9	71320000	71560000
1	154700000	154890000
4	188770000	188890000
21	35970000	36110000
9	37740000	38150000
1	162870000	163280000
5	173110000	173280000
8	109460000	109470000
8	18030000	18670000
4	164810000	165130000
6	119680000	119960000
17	82340000	82360000
10	79250000	79340000
5	39710000	39910000
7	131260000	131320000
17	48550000	48580000
8	30810000	30830000
11	66340000	66500000
11	1620000	1660000
3	121760000	121830000
1	86330000	86350000
15	39870000	40030000
17	3920000	4020000
4	88120000	88160000
8	46040000	46090000
3	134720000	135000000
1	6830000	7010000
19	2520000	2720000
7	128310000	128410000
6	3170000	3340000
13	76380000	76520000
19	10510000	10560000
5	138370000	138390000
7	100450000	100500000
16	19740000	19760000
1	226610000	226620000
12	100340000	100420000
2	214730000	215160000
6	147540000	147570000
5	139650000	139810000
12	82480000	82600000
7	22620000	22700000
9	113410000	113460000
5	32470000	32530000
12	103970000	103990000
12	104030000	104060000
13	112550000	112680000
12	21140000	21180000
1	197330000	197340000
12	55610000	55870000
11	76200000	76470000
11	118030000	118180000
4	139550000	139940000
8	119760000	119860000
4	79420000	79440000
6	38540000	38630000
17	79850000	80250000
1	157070000	157240000
3	126850000	127000000
1	100520000	100540000
10	92940000	93200000
7	88110000	88540000
12	32030000	32140000
18	26470000	26580000
14	30780000	30900000
12	70300000	70360000
17	33300000	33730000
14	89990000	90030000
17	4990000	5020000
8	4420000	4430000
3	110810000	110910000
6	134760000	134820000
4	138800000	138860000
11	78620000	78650000
12	12240000	12260000
17	480000	500000
22	39240000	39300000
7	2490000	2710000
16	79830000	79960000
19	42060000	42070000
18	48530000	48550000
4	17160000	17340000
16	70630000	70800000
1	11060000	11130000
22	35420000	35470000
18	34720000	34820000
1	209000000	209010000
15	31490000	31500000
20	43420000	43750000
11	105260000	105520000
14	30580000	30620000
1	25040000	25080000
10	60760000	61150000
12	16010000	16110000
17	30350000	30360000
16	72110000	72560000
5	107710000	107880000
7	128680000	128760000
17	70330000	70400000
19	47500000	47590000
18	69020000	69080000
21	27330000	27390000
17	41630000	41660000
13	78370000	78420000
13	60250000	60370000
2	149110000	149440000
3	152550000	152840000
3	178390000	178570000
5	36260000	36460000
2	167670000	167780000
7	158830000	159080000
4	123090000	123280000
12	48710000	48820000
15	68840000	68910000
21	43300000	43370000
22	40900000	40930000
7	155410000	155430000
3	98950000	98990000
17	43840000	43900000
15	66040000	66050000
14	43960000	43990000
8	132130000	132710000
10	43070000	43200000
19	15560000	15580000
5	1750000	1790000
14	32950000	33000000
14	30370000	30380000
2	83910000	84040000
1	99150000	99390000
20	1440000	1500000
1	1130000	1170000
11	117900000	117910000
10	60230000	60390000
3	48520000	48650000
7	143940000	144070000
5	127410000	127460000
16	30910000	31040000
1	156040000	156120000
8	18680000	18740000
13	35160000	35190000
4	114980000	115000000
17	51670000	51940000
9	125460000	125510000
1	233540000	233650000
10	124390000	124630000
7	93400000	93500000
1	228650000	228660000
8	63470000	63480000
11	117160000	117270000
3	129030000	129070000
11	108600000	108730000
6	35210000	35290000
8	114730000	114800000
1	18390000	19200000
8	96650000	96840000
7	98220000	98290000
1	90260000	90360000
6	71390000	71430000
6	75820000	75870000
1	195370000	195390000
11	20300000	20450000
2	152620000	152670000
3	110320000	110430000
17	18950000	19000000
5	127650000	127710000
8	46840000	46860000
3	170320000	170330000
17	72410000	72740000
9	92630000	92690000
1	56980000	57470000
2	238090000	238180000
21	33600000	33680000
2	97730000	97740000
12	83170000	83300000
3	104270000	104470000
3	114700000	114920000
9	114920000	114940000
6	36810000	36970000
14	87860000	87940000
12	37900000	37950000
11	123680000	123690000
15	76380000	76760000
12	190000	340000
1	63800000	63940000
2	146730000	146760000
17	41230000	41250000
13	45920000	45980000
5	56920000	57050000
2	168250000	168450000
3	113650000	113700000
2	19930000	19980000
4	87840000	87880000
2	156910000	157000000
5	141560000	141580000
8	130800000	130840000
9	35860000	35870000
20	32550000	32610000
3	66510000	66550000
20	41330000	41560000
9	135600000	135720000
21	31280000	31400000
15	69370000	69420000
3	8940000	9030000
17	73080000	73090000
6	131800000	131810000
9	26600000	26900000
3	150250000	150410000
22	42300000	42440000
18	63700000	63910000
2	67410000	67490000
8	28190000	28200000
19	27570000	27590000
2	241180000	241750000
13	107930000	108490000
10	68700000	68950000
3	9600000	9710000
1	87570000	88060000
13	33290000	33440000
4	184950000	185030000
7	25490000	25500000
15	80270000	80730000
9	128210000	128310000
6	29790000	29880000
21	28900000	28980000
14	21390000	21430000
14	99470000	99700000
8	46350000	46370000
2	167810000	167830000
2	218560000	218700000
17	41460000	41580000
14	65750000	65780000
1	64280000	64320000
9	78360000	78410000
2	172410000	172420000
12	90130000	90640000
11	112380000	112610000
15	50870000	50980000
15	45430000	45630000
8	124870000	125060000
9	7160000	7510000
11	83630000	83740000
1	42110000	42210000
7	155450000	155480000
1	166080000	166090000
7	129440000	129470000
6	10380000	10460000
6	6460000	6530000
8	143800000	143840000
9	720000	850000
1	62050000	62240000
1	8200000	8260000
13	113740000	113850000
5	98290000	98320000
19	18440000	18470000
5	137980000	138020000
1	54370000	54390000
3	100890000	101200000
1	39660000	39750000
22	31110000	31190000
11	118610000	118690000
9	98970000	99050000
2	118830000	118850000
1	86210000	86260000
1	30620000	30940000
6	134080000	134160000
1	109910000	109930000
4	107140000	107150000
14	72430000	72440000
18	59510000	59690000
3	104810000	105230000
6	14140000	14220000
21	17410000	17490000
4	101350000	101410000
2	18320000	18410000
10	6730000	6760000
18	54630000	54650000
7	11360000	12250000
11	74680000	74780000
9	127090000	127230000
9	14890000	15020000
5	15980000	16030000
19	980000	1010000
14	99230000	99240000
4	42050000	42400000
5	72260000	72500000
1	203480000	203520000
3	106700000	106720000
4	174060000	174080000
11	35390000	35400000
2	62540000	62570000
2	218860000	219350000
4	124310000	124350000
3	158390000	158410000
6	89870000	89890000
5	109410000	109430000
22	48800000	48810000
2	114420000	114800000
9	134280000	134440000
14	58770000	59380000
7	14180000	14280000
3	88200000	88270000
1	153450000	153550000
11	103430000	103500000
2	34000000	34120000
12	65980000	65990000
6	133720000	133770000
10	10120000	10260000
5	66560000	66810000
9	115390000	115470000
5	123390000	123420000
8	60270000	60290000
19	40630000	40680000
2	210370000	210400000
5	7250000	7260000
6	169590000	169920000
22	31050000	31100000
15	80110000	80150000
1	226800000	226860000
2	100360000	100680000
4	182520000	182780000
4	75940000	76080000
13	31650000	31720000
2	222800000	222870000
3	11250000	11370000
13	24050000	24110000
16	87510000	87560000
2	225610000	225720000
19	38350000	38370000
2	172440000	173390000
17	58250000	58310000
19	43390000	43420000
20	51270000	51350000
11	117800000	117810000
22	22020000	22110000
14	23560000	23700000
5	86790000	86900000
1	70340000	70400000
14	78950000	78970000
1	236470000	236500000
1	247790000	247830000
12	28650000	28660000
2	61300000	61310000
3	192260000	192610000
2	39600000	39820000
9	115570000	115750000
6	170310000	170550000
2	149620000	149790000
7	64390000	64400000
3	110130000	110180000
